#
# A fatal error has been detected by the Java Runtime Environment:
#
#  SIGSEGV (0xb) at pc=0x00007fff943d28d8, pid=99785, tid=41275
#
# JRE version: Java(TM) SE Runtime Environment (7.0_45-b18) (build 1.7.0_45-b18)
# Java VM: Java HotSpot(TM) 64-Bit Server VM (24.45-b08 mixed mode bsd-amd64 compressed oops)
# Problematic frame:
# C  [GeForceGLDriver+0x32b8d8]  gldBlitFramebufferData+0x15a28
#
# Failed to write core dump. Core dumps have been disabled. To enable core dumping, try "ulimit -c unlimited" before starting Java again
#
# If you would like to submit a bug report, please visit:
#   http://bugreport.sun.com/bugreport/crash.jsp
#

---------------  T H R E A D  ---------------

Current thread is native thread

siginfo:si_signo=SIGSEGV: si_errno=0, si_code=1 (SEGV_MAPERR), si_addr=0x00000000000226dc

Registers:
RAX=0x000000011d4ee000, RBX=0x000000011320a000, RCX=0x000000011d51dff0, RDX=0x0000000000012068
RSP=0x0000700001455cb0, RBP=0x0000700001455d20, RSI=0x0000000000000000, RDI=0x00007fff78ef0cb8
R8 =0x000000000073efd7, R9 =0xffffffff00000000, R10=0x00007fff78ef0cd0, R11=0xffffffff00000001
R12=0x700004a7c611e845, R13=0x00007fff78f01398, R14=0x0000000000000000, R15=0x0000000000000000
RIP=0x00007fff943d28d8, EFLAGS=0x0000000000010206, ERR=0x0000000000000004
  TRAPNO=0x000000000000000e

Top of Stack: (sp=0x0000700001455cb0)
0x0000700001455cb0:   0000000000000000 00007fff7933e798
0x0000700001455cc0:   0000000000000000 0000700001455ce8
0x0000700001455cd0:   0000000000000000 0000000000000000
0x0000700001455ce0:   0000000000000000 0000000000000000
0x0000700001455cf0:   700004a7c611e845 000000011320a000
0x0000700001455d00:   0000700001456000 00007fec7f8353a0
0x0000700001455d10:   00007fff78f01398 0000000000000000
0x0000700001455d20:   0000700001455d60 00007fff943d2d9f
0x0000700001455d30:   0000000000000000 0000000000000000
0x0000700001455d40:   0000000000000000 0000000000000000
0x0000700001455d50:   000000011320a000 0000000000000000
0x0000700001455d60:   0000700001455da0 00007fff943bd344
0x0000700001455d70:   00007fec7a98e800 000000011320a000
0x0000700001455d80:   0000000000000028 00007fec7f8353a0
0x0000700001455d90:   00007fec7a98e800 00007fec7bc0d9a0
0x0000700001455da0:   0000700001455dc0 00007fff9595d9a2
0x0000700001455db0:   0000000000000000 00007fec7f82a400
0x0000700001455dc0:   0000700001455e00 00007fff8e3ca06d
0x0000700001455dd0:   00007fec7bc0d9a0 0000000000000003
0x0000700001455de0:   000000011de02fe8 0000000000000000
0x0000700001455df0:   00007fec7f82a400 0000000000000001
0x0000700001455e00:   0000700001455e40 00007fff8e30635b
0x0000700001455e10:   0000000000000000 000000011de02fe0
0x0000700001455e20:   00007fff76aa1100 00007fff76aa1140
0x0000700001455e30:   00007fec7b339200 0000000000000000
0x0000700001455e40:   0000700001455e60 00007fff99a92f70
0x0000700001455e50:   0000000100c06380 00007fff76aa1138
0x0000700001455e60:   0000700001455e80 00007fff8846740b
0x0000700001455e70:   0000000000000000 0000000100c06380
0x0000700001455e80:   0000700001455ef0 00007fff8846b29b
0x0000700001455e90:   0000000000000000 0000000000000000
0x0000700001455ea0:   0000000000000000 0000000000000000 

Instructions: (pc=0x00007fff943d28d8)
0x00007fff943d28b8:   8b 28 19 00 00 48 05 00 00 01 00 48 89 83 30 19
0x00007fff943d28c8:   00 00 48 89 8b 38 19 00 00 4c 8b b3 08 19 00 00
0x00007fff943d28d8:   41 83 be dc 26 02 00 ff 75 79 48 8b 7b 40 e8 d5
0x00007fff943d28e8:   b2 33 00 c7 45 bc 02 00 00 00 48 8d 4d bc 48 89 

Register to memory mapping:

RAX=0x000000011d4ee000 is an unknown value
RBX=0x000000011320a000 is an unknown value
RCX=0x000000011d51dff0 is an unknown value
RDX=0x0000000000012068 is an unknown value
RSP=0x0000700001455cb0 is an unknown value
RBP=0x0000700001455d20 is an unknown value
RSI=0x0000000000000000 is an unknown value
RDI=0x00007fff78ef0cb8: <offset 0xe4e49cb8> in /System/Library/Extensions/GeForceGLDriver.bundle/Contents/MacOS/GeForceGLDriver at 0x00007fff940a7000
R8 =0x000000000073efd7 is an unknown value
R9 =0xffffffff00000000 is an unknown value
R10=0x00007fff78ef0cd0: <offset 0xe4e49cd0> in /System/Library/Extensions/GeForceGLDriver.bundle/Contents/MacOS/GeForceGLDriver at 0x00007fff940a7000
R11=0xffffffff00000001 is an unknown value
R12=0x700004a7c611e845 is an unknown value
R13=0x00007fff78f01398: <offset 0xe4e5a398> in /System/Library/Extensions/GeForceGLDriver.bundle/Contents/MacOS/GeForceGLDriver at 0x00007fff940a7000
R14=0x0000000000000000 is an unknown value
R15=0x0000000000000000 is an unknown value


Stack: [0x00007000013d6000,0x0000700001456000],  sp=0x0000700001455cb0,  free space=511k
Native frames: (J=compiled Java code, j=interpreted, Vv=VM code, C=native code)
C  [GeForceGLDriver+0x32b8d8]  gldBlitFramebufferData+0x15a28
C  [GeForceGLDriver+0x32bd9f]  gldBlitFramebufferData+0x15eef
C  [GeForceGLDriver+0x316344]  gldBlitFramebufferData+0x494
C  [libGPUSupportMercury.dylib+0x49a2]  gldUnbindFramebuffer+0x22
C  [GLEngine+0x11906d]  gleUnbindAndFreeFramebufferObject+0x6c
C  [GLEngine+0x5535b]  glDeleteFramebuffersEXT_Exec+0x104
C  [QuartzCore+0x8ef70]  CA::(anonymous namespace)::AsyncDeletion::callback(void*)+0x2e
C  [libdispatch.dylib+0x240b]  _dispatch_client_callout+0x8
C  [libdispatch.dylib+0x629b]  _dispatch_root_queue_drain+0x762
C  [libdispatch.dylib+0x5b00]  _dispatch_worker_thread3+0x5b
C  [libsystem_pthread.dylib+0x34de]  _pthread_wqthread+0x469
C  [libsystem_pthread.dylib+0x1341]  start_wqthread+0xd


---------------  P R O C E S S  ---------------

VM state:not at safepoint (normal execution)

VM Mutex/Monitor currently owned by a thread: None

Heap
 PSYoungGen      total 88576K, used 43989K [0x00000007d5500000, 0x00000007db600000, 0x0000000800000000)
  eden space 85504K, 47% used [0x00000007d5500000,0x00000007d7cfaa58,0x00000007da880000)
  from space 3072K, 99% used [0x00000007db300000,0x00000007db5fac80,0x00000007db600000)
  to   space 4608K, 0% used [0x00000007dad00000,0x00000007dad00000,0x00000007db180000)
 ParOldGen       total 87040K, used 84104K [0x0000000780000000, 0x0000000785500000, 0x00000007d5500000)
  object space 87040K, 96% used [0x0000000780000000,0x0000000785222398,0x0000000785500000)
 PSPermGen       total 21504K, used 17063K [0x000000077ae00000, 0x000000077c300000, 0x0000000780000000)
  object space 21504K, 79% used [0x000000077ae00000,0x000000077bea9d50,0x000000077c300000)

Card table byte_map: [0x0000000105359000,0x0000000105783000] byte_map_base: 0x0000000101782000

Polling page: 0x00000001007f5000

Code Cache  [0x0000000102299000, 0x0000000102509000, 0x0000000105299000)
 total_blobs=1429 nmethods=646 adapters=737 free_code_cache=46971Kb largest_free_block=48049216

Compilation events (10 events):
Event: 32.870 Thread 0x00007fec7b00c800 nmethod 666 0x00000001024c0c50 code [0x00000001024c0d80, 0x00000001024c0e58]
Event: 32.872 Thread 0x00007fec7a059800 nmethod 665 0x00000001024beb50 code [0x00000001024becc0, 0x00000001024befb8]
Event: 33.348 Thread 0x00007fec7b00c800  667             org.jbox2d.collision.Point::support (10 bytes)
Event: 33.348 Thread 0x00007fec7b00c800 nmethod 667 0x00000001024be890 code [0x00000001024be9e0, 0x00000001024bea78]
Event: 34.640 Thread 0x00007fec7a059800  668             java.io.ObjectOutputStream$HandleTable::clear (27 bytes)
Event: 34.641 Thread 0x00007fec7a059800 nmethod 668 0x00000001024be550 code [0x00000001024be6a0, 0x00000001024be7a8]
Event: 35.736 Thread 0x00007fec7b00c800  669             sun.font.GlyphList::usePositions (5 bytes)
Event: 35.736 Thread 0x00007fec7b00c800 nmethod 669 0x00000001024bc810 code [0x00000001024bc940, 0x00000001024bc998]
Event: 41.635 Thread 0x00007fec7a059800  670   !         javax.swing.JComponent::getClientProperty (56 bytes)
Event: 41.639 Thread 0x00007fec7a059800 nmethod 670 0x00000001024c1e90 code [0x00000001024c2000, 0x00000001024c2438]

GC Heap History (10 events):
Event: 40.165 GC heap before
{Heap before GC invocations=92 (full 0):
 PSYoungGen      total 69120K, used 68634K [0x00000007d5500000, 0x00000007dbb80000, 0x0000000800000000)
  eden space 65536K, 100% used [0x00000007d5500000,0x00000007d9500000,0x00000007d9500000)
  from space 3584K, 86% used [0x00000007db580000,0x00000007db8869a8,0x00000007db900000)
  to   space 2560K, 0% used [0x00000007db900000,0x00000007db900000,0x00000007dbb80000)
 ParOldGen       total 87040K, used 79928K [0x0000000780000000, 0x0000000785500000, 0x00000007d5500000)
  object space 87040K, 91% used [0x0000000780000000,0x0000000784e0e278,0x0000000785500000)
 PSPermGen       total 21504K, used 17056K [0x000000077ae00000, 0x000000077c300000, 0x0000000780000000)
  object space 21504K, 79% used [0x000000077ae00000,0x000000077bea81a0,0x000000077c300000)
Event: 40.168 GC heap after
Heap after GC invocations=92 (full 0):
 PSYoungGen      total 66048K, used 2538K [0x00000007d5500000, 0x00000007dbb80000, 0x0000000800000000)
  eden space 63488K, 0% used [0x00000007d5500000,0x00000007d5500000,0x00000007d9300000)
  from space 2560K, 99% used [0x00000007db900000,0x00000007dbb7aa40,0x00000007dbb80000)
  to   space 5120K, 0% used [0x00000007db180000,0x00000007db180000,0x00000007db680000)
 ParOldGen       total 87040K, used 80728K [0x0000000780000000, 0x0000000785500000, 0x00000007d5500000)
  object space 87040K, 92% used [0x0000000780000000,0x0000000784ed6278,0x0000000785500000)
 PSPermGen       total 21504K, used 17056K [0x000000077ae00000, 0x000000077c300000, 0x0000000780000000)
  object space 21504K, 79% used [0x000000077ae00000,0x000000077bea81a0,0x000000077c300000)
}
Event: 40.440 GC heap before
{Heap before GC invocations=93 (full 0):
 PSYoungGen      total 66048K, used 66026K [0x00000007d5500000, 0x00000007dbb80000, 0x0000000800000000)
  eden space 63488K, 100% used [0x00000007d5500000,0x00000007d9300000,0x00000007d9300000)
  from space 2560K, 99% used [0x00000007db900000,0x00000007dbb7aa40,0x00000007dbb80000)
  to   space 5120K, 0% used [0x00000007db180000,0x00000007db180000,0x00000007db680000)
 ParOldGen       total 87040K, used 80728K [0x0000000780000000, 0x0000000785500000, 0x00000007d5500000)
  object space 87040K, 92% used [0x0000000780000000,0x0000000784ed6278,0x0000000785500000)
 PSPermGen       total 21504K, used 17056K [0x000000077ae00000, 0x000000077c300000, 0x0000000780000000)
  object space 21504K, 79% used [0x000000077ae00000,0x000000077bea81a0,0x000000077c300000)
Event: 40.444 GC heap after
Heap after GC invocations=93 (full 0):
 PSYoungGen      total 80384K, used 3791K [0x00000007d5500000, 0x00000007db980000, 0x0000000800000000)
  eden space 76288K, 0% used [0x00000007d5500000,0x00000007d5500000,0x00000007d9f80000)
  from space 4096K, 92% used [0x00000007db180000,0x00000007db533d38,0x00000007db580000)
  to   space 4096K, 0% used [0x00000007db580000,0x00000007db580000,0x00000007db980000)
 ParOldGen       total 87040K, used 83272K [0x0000000780000000, 0x0000000785500000, 0x00000007d5500000)
  object space 87040K, 95% used [0x0000000780000000,0x0000000785152398,0x0000000785500000)
 PSPermGen       total 21504K, used 17056K [0x000000077ae00000, 0x000000077c300000, 0x0000000780000000)
  object space 21504K, 79% used [0x000000077ae00000,0x000000077bea81a0,0x000000077c300000)
}
Event: 40.777 GC heap before
{Heap before GC invocations=94 (full 0):
 PSYoungGen      total 80384K, used 80079K [0x00000007d5500000, 0x00000007db980000, 0x0000000800000000)
  eden space 76288K, 100% used [0x00000007d5500000,0x00000007d9f80000,0x00000007d9f80000)
  from space 4096K, 92% used [0x00000007db180000,0x00000007db533d38,0x00000007db580000)
  to   space 4096K, 0% used [0x00000007db580000,0x00000007db580000,0x00000007db980000)
 ParOldGen       total 87040K, used 83272K [0x0000000780000000, 0x0000000785500000, 0x00000007d5500000)
  object space 87040K, 95% used [0x0000000780000000,0x0000000785152398,0x0000000785500000)
 PSPermGen       total 21504K, used 17056K [0x000000077ae00000, 0x000000077c300000, 0x0000000780000000)
  object space 21504K, 79% used [0x000000077ae00000,0x000000077bea8278,0x000000077c300000)
Event: 40.780 GC heap after
Heap after GC invocations=94 (full 0):
 PSYoungGen      total 95232K, used 3562K [0x00000007d5500000, 0x00000007db900000, 0x0000000800000000)
  eden space 91648K, 0% used [0x00000007d5500000,0x00000007d5500000,0x00000007dae80000)
  from space 3584K, 99% used [0x00000007db580000,0x00000007db8fab08,0x00000007db900000)
  to   space 5120K, 0% used [0x00000007daf00000,0x00000007daf00000,0x00000007db400000)
 ParOldGen       total 87040K, used 83584K [0x0000000780000000, 0x0000000785500000, 0x00000007d5500000)
  object space 87040K, 96% used [0x0000000780000000,0x00000007851a0398,0x0000000785500000)
 PSPermGen       total 21504K, used 17056K [0x000000077ae00000, 0x000000077c300000, 0x0000000780000000)
  object space 21504K, 79% used [0x000000077ae00000,0x000000077bea8278,0x000000077c300000)
}
Event: 41.190 GC heap before
{Heap before GC invocations=95 (full 0):
 PSYoungGen      total 95232K, used 95186K [0x00000007d5500000, 0x00000007db900000, 0x0000000800000000)
  eden space 91648K, 99% used [0x00000007d5500000,0x00000007dae7a098,0x00000007dae80000)
  from space 3584K, 99% used [0x00000007db580000,0x00000007db8fab08,0x00000007db900000)
  to   space 5120K, 0% used [0x00000007daf00000,0x00000007daf00000,0x00000007db400000)
 ParOldGen       total 87040K, used 83584K [0x0000000780000000, 0x0000000785500000, 0x00000007d5500000)
  object space 87040K, 96% used [0x0000000780000000,0x00000007851a0398,0x0000000785500000)
 PSPermGen       total 21504K, used 17056K [0x000000077ae00000, 0x000000077c300000, 0x0000000780000000)
  object space 21504K, 79% used [0x000000077ae00000,0x000000077bea8278,0x000000077c300000)
Event: 41.193 GC heap after
Heap after GC invocations=95 (full 0):
 PSYoungGen      total 92672K, used 3695K [0x00000007d5500000, 0x00000007db600000, 0x0000000800000000)
  eden space 88576K, 0% used [0x00000007d5500000,0x00000007d5500000,0x00000007dab80000)
  from space 4096K, 90% used [0x00000007daf00000,0x00000007db29be70,0x00000007db300000)
  to   space 3072K, 0% used [0x00000007db300000,0x00000007db300000,0x00000007db600000)
 ParOldGen       total 87040K, used 83688K [0x0000000780000000, 0x0000000785500000, 0x00000007d5500000)
  object space 87040K, 96% used [0x0000000780000000,0x00000007851ba398,0x0000000785500000)
 PSPermGen       total 21504K, used 17056K [0x000000077ae00000, 0x000000077c300000, 0x0000000780000000)
  object space 21504K, 79% used [0x000000077ae00000,0x000000077bea8278,0x000000077c300000)
}
Event: 41.530 GC heap before
{Heap before GC invocations=96 (full 0):
 PSYoungGen      total 92672K, used 92271K [0x00000007d5500000, 0x00000007db600000, 0x0000000800000000)
  eden space 88576K, 100% used [0x00000007d5500000,0x00000007dab80000,0x00000007dab80000)
  from space 4096K, 90% used [0x00000007daf00000,0x00000007db29be70,0x00000007db300000)
  to   space 3072K, 0% used [0x00000007db300000,0x00000007db300000,0x00000007db600000)
 ParOldGen       total 87040K, used 83688K [0x0000000780000000, 0x0000000785500000, 0x00000007d5500000)
  object space 87040K, 96% used [0x0000000780000000,0x00000007851ba398,0x0000000785500000)
 PSPermGen       total 21504K, used 17056K [0x000000077ae00000, 0x000000077c300000, 0x0000000780000000)
  object space 21504K, 79% used [0x000000077ae00000,0x000000077bea83d0,0x000000077c300000)
Event: 41.532 GC heap after
Heap after GC invocations=96 (full 0):
 PSYoungGen      total 88576K, used 3051K [0x00000007d5500000, 0x00000007db600000, 0x0000000800000000)
  eden space 85504K, 0% used [0x00000007d5500000,0x00000007d5500000,0x00000007da880000)
  from space 3072K, 99% used [0x00000007db300000,0x00000007db5fac80,0x00000007db600000)
  to   space 4608K, 0% used [0x00000007dad00000,0x00000007dad00000,0x00000007db180000)
 ParOldGen       total 87040K, used 84104K [0x0000000780000000, 0x0000000785500000, 0x00000007d5500000)
  object space 87040K, 96% used [0x0000000780000000,0x0000000785222398,0x0000000785500000)
 PSPermGen       total 21504K, used 17056K [0x000000077ae00000, 0x000000077c300000, 0x0000000780000000)
  object space 21504K, 79% used [0x000000077ae00000,0x000000077bea83d0,0x000000077c300000)
}

Deoptimization events (10 events):
Event: 3.136 Thread 0x00007fec7a00a000 Uncommon trap: reason=unreached action=reinterpret pc=0x0000000102329934 method=java.lang.ref.SoftReference.get()Ljava/lang/Object; @ 6
Event: 3.216 Thread 0x00007fec7e001800 Uncommon trap: reason=unreached action=reinterpret pc=0x000000010233e6e8 method=java.lang.ThreadLocal$ThreadLocalMap.getEntry(Ljava/lang/ThreadLocal;)Ljava/lang/ThreadLocal$ThreadLocalMap$Entry; @ 21
Event: 3.260 Thread 0x00007fec7e001800 Uncommon trap: reason=unreached action=reinterpret pc=0x00000001023a4890 method=FSM_Tree.run()V @ 294
Event: 3.327 Thread 0x00007fec7e001800 Uncommon trap: reason=unreached action=reinterpret pc=0x00000001023a7160 method=TrialNodeMinimal.initTreePhys_single()V @ 209
Event: 3.701 Thread 0x00007fec7b313800 Uncommon trap: reason=range_check action=make_not_entrant pc=0x00000001023e5d3c method=org.jbox2d.collision.BroadPhase.createProxy(Lorg/jbox2d/collision/AABB;Ljava/lang/Object;)I @ 420
Event: 5.571 Thread 0x00007fec7a128000 Uncommon trap: reason=predicate action=maybe_recompile pc=0x0000000102436880 method=java.util.Arrays.fill([Ljava/lang/Object;Ljava/lang/Object;)V @ 10
Event: 6.671 Thread 0x00007fec7a128000 Uncommon trap: reason=array_check action=maybe_recompile pc=0x0000000102462c78 method=java.util.Arrays.fill([Ljava/lang/Object;Ljava/lang/Object;)V @ 13
Event: 6.678 Thread 0x00007fec7c16a000 Uncommon trap: reason=array_check action=maybe_recompile pc=0x0000000102462c78 method=java.util.Arrays.fill([Ljava/lang/Object;Ljava/lang/Object;)V @ 13
Event: 6.678 Thread 0x00007fec7c16a000 Uncommon trap: reason=array_check action=maybe_recompile pc=0x0000000102462c78 method=java.util.Arrays.fill([Ljava/lang/Object;Ljava/lang/Object;)V @ 13
Event: 6.678 Thread 0x00007fec7c16a000 Uncommon trap: reason=array_check action=maybe_recompile pc=0x0000000102462c78 method=java.util.Arrays.fill([Ljava/lang/Object;Ljava/lang/Object;)V @ 13

Internal exceptions (10 events):
Event: 3.234 Thread 0x00007fec7b313800 Threw 0x00000007d62d9068 at /HUDSON/workspace/7u-2-build-macosx-x86_64/jdk7u45/229/hotspot/src/share/vm/prims/jvm.cpp:1244
Event: 3.234 Thread 0x00007fec7b313800 Threw 0x00000007d62de2f8 at /HUDSON/workspace/7u-2-build-macosx-x86_64/jdk7u45/229/hotspot/src/share/vm/prims/jvm.cpp:1244
Event: 3.236 Thread 0x00007fec7b313800 Threw 0x00000007d62e8720 at /HUDSON/workspace/7u-2-build-macosx-x86_64/jdk7u45/229/hotspot/src/share/vm/prims/jvm.cpp:1244
Event: 3.236 Thread 0x00007fec7b313800 Threw 0x00000007d62ee438 at /HUDSON/workspace/7u-2-build-macosx-x86_64/jdk7u45/229/hotspot/src/share/vm/prims/jvm.cpp:1244
Event: 3.237 Thread 0x00007fec7b313800 Threw 0x00000007d62f4560 at /HUDSON/workspace/7u-2-build-macosx-x86_64/jdk7u45/229/hotspot/src/share/vm/prims/jvm.cpp:1244
Event: 3.240 Thread 0x00007fec7b313800 Threw 0x00000007d62f9a88 at /HUDSON/workspace/7u-2-build-macosx-x86_64/jdk7u45/229/hotspot/src/share/vm/prims/jvm.cpp:1244
Event: 3.241 Thread 0x00007fec7b313800 Threw 0x00000007d62fea20 at /HUDSON/workspace/7u-2-build-macosx-x86_64/jdk7u45/229/hotspot/src/share/vm/prims/jvm.cpp:1244
Event: 3.242 Thread 0x00007fec7b313800 Threw 0x00000007d63034b8 at /HUDSON/workspace/7u-2-build-macosx-x86_64/jdk7u45/229/hotspot/src/share/vm/prims/jvm.cpp:1244
Event: 3.378 Thread 0x00007fec7e001800 Threw 0x00000007d60002e0 at /HUDSON/workspace/7u-2-build-macosx-x86_64/jdk7u45/229/hotspot/src/share/vm/prims/jni.cpp:1632
Event: 3.379 Thread 0x00007fec7e001800 Threw 0x00000007d60009e8 at /HUDSON/workspace/7u-2-build-macosx-x86_64/jdk7u45/229/hotspot/src/share/vm/prims/jni.cpp:1632

Events (10 events):
Event: 40.777 Executing VM operation: ParallelGCFailedAllocation
Event: 40.780 Executing VM operation: ParallelGCFailedAllocation done
Event: 41.190 Executing VM operation: ParallelGCFailedAllocation
Event: 41.193 Executing VM operation: ParallelGCFailedAllocation done
Event: 41.530 Executing VM operation: ParallelGCFailedAllocation
Event: 41.532 Executing VM operation: ParallelGCFailedAllocation done
Event: 41.672 loading class 0x00007fec79fe79c0
Event: 41.672 loading class 0x00007fec79fe79c0 done
Event: 41.673 loading class 0x00007fec801b6910
Event: 41.673 loading class 0x00007fec801b6910 done


Dynamic libraries:
0x00000000065ae000 	/System/Library/Frameworks/Cocoa.framework/Versions/A/Cocoa
0x00000000065ae000 	/System/Library/Frameworks/Security.framework/Versions/A/Security
0x00000000065ae000 	/System/Library/Frameworks/ApplicationServices.framework/Versions/A/ApplicationServices
0x00000000065ae000 	/usr/lib/libz.1.dylib
0x00000000065ae000 	/usr/lib/libSystem.B.dylib
0x00000000065ae000 	/usr/lib/libobjc.A.dylib
0x00000000065ae000 	/System/Library/Frameworks/CoreFoundation.framework/Versions/A/CoreFoundation
0x00000000065ae000 	/System/Library/Frameworks/Foundation.framework/Versions/C/Foundation
0x00000000065ae000 	/System/Library/Frameworks/AppKit.framework/Versions/C/AppKit
0x00000000065ae000 	/System/Library/Frameworks/CoreData.framework/Versions/A/CoreData
0x00000000065ae000 	/System/Library/PrivateFrameworks/RemoteViewServices.framework/Versions/A/RemoteViewServices
0x00000000065ae000 	/System/Library/PrivateFrameworks/UIFoundation.framework/Versions/A/UIFoundation
0x00000000065ae000 	/usr/lib/libScreenReader.dylib
0x00000000065ae000 	/System/Library/Frameworks/Accelerate.framework/Versions/A/Accelerate
0x00000000065ae000 	/System/Library/Frameworks/IOSurface.framework/Versions/A/IOSurface
0x00000000065ae000 	/System/Library/Frameworks/AudioToolbox.framework/Versions/A/AudioToolbox
0x00000000065ae000 	/System/Library/Frameworks/AudioUnit.framework/Versions/A/AudioUnit
0x00000000065ae000 	/System/Library/PrivateFrameworks/DataDetectorsCore.framework/Versions/A/DataDetectorsCore
0x00000000065ae000 	/System/Library/PrivateFrameworks/DesktopServicesPriv.framework/Versions/A/DesktopServicesPriv
0x00000000065ae000 	/System/Library/Frameworks/Carbon.framework/Versions/A/Frameworks/HIToolbox.framework/Versions/A/HIToolbox
0x00000000065ae000 	/System/Library/Frameworks/QuartzCore.framework/Versions/A/QuartzCore
0x00000000065ae000 	/System/Library/Frameworks/Carbon.framework/Versions/A/Frameworks/SpeechRecognition.framework/Versions/A/SpeechRecognition
0x00000000065ae000 	/usr/lib/libauto.dylib
0x00000000065ae000 	/usr/lib/libicucore.A.dylib
0x00000000065ae000 	/usr/lib/libxml2.2.dylib
0x00000000065ae000 	/System/Library/PrivateFrameworks/CoreUI.framework/Versions/A/CoreUI
0x00000000065ae000 	/System/Library/Frameworks/CoreAudio.framework/Versions/A/CoreAudio
0x00000000065ae000 	/System/Library/Frameworks/DiskArbitration.framework/Versions/A/DiskArbitration
0x00000000065ae000 	/usr/lib/liblangid.dylib
0x00000000065ae000 	/System/Library/PrivateFrameworks/MultitouchSupport.framework/Versions/A/MultitouchSupport
0x00000000065ae000 	/System/Library/Frameworks/IOKit.framework/Versions/A/IOKit
0x00000000065ae000 	/usr/lib/libDiagnosticMessagesClient.dylib
0x00000000065ae000 	/System/Library/Frameworks/CoreServices.framework/Versions/A/CoreServices
0x00000000065ae000 	/System/Library/PrivateFrameworks/PerformanceAnalysis.framework/Versions/A/PerformanceAnalysis
0x00000000065ae000 	/System/Library/PrivateFrameworks/GenerationalStorage.framework/Versions/A/GenerationalStorage
0x00000000065ae000 	/System/Library/Frameworks/OpenGL.framework/Versions/A/OpenGL
0x00000000065ae000 	/System/Library/PrivateFrameworks/Sharing.framework/Versions/A/Sharing
0x00000000065ae000 	/System/Library/Frameworks/CoreGraphics.framework/Versions/A/CoreGraphics
0x00000000065ae000 	/System/Library/Frameworks/CoreImage.framework/Versions/A/CoreImage
0x00000000065ae000 	/System/Library/Frameworks/CoreText.framework/Versions/A/CoreText
0x00000000065ae000 	/System/Library/Frameworks/ImageIO.framework/Versions/A/ImageIO
0x00000000065ae000 	/System/Library/PrivateFrameworks/Backup.framework/Versions/A/Backup
0x00000000065ae000 	/usr/lib/libextension.dylib
0x00000000065ae000 	/usr/lib/libarchive.2.dylib
0x00000000065ae000 	/System/Library/Frameworks/CFNetwork.framework/Versions/A/CFNetwork
0x00000000065ae000 	/System/Library/Frameworks/SystemConfiguration.framework/Versions/A/SystemConfiguration
0x00000000065ae000 	/usr/lib/libCRFSuite.dylib
0x00000000065ae000 	/usr/lib/libc++.1.dylib
0x00000000065ae000 	/usr/lib/libc++abi.dylib
0x00000000065ae000 	/usr/lib/system/libcache.dylib
0x00000000065ae000 	/usr/lib/system/libcommonCrypto.dylib
0x00000000065ae000 	/usr/lib/system/libcompiler_rt.dylib
0x00000000065ae000 	/usr/lib/system/libcopyfile.dylib
0x00000000065ae000 	/usr/lib/system/libcorecrypto.dylib
0x00000000065ae000 	/usr/lib/system/libdispatch.dylib
0x00000000065ae000 	/usr/lib/system/libdyld.dylib
0x00000000065ae000 	/usr/lib/system/libkeymgr.dylib
0x00000000065ae000 	/usr/lib/system/liblaunch.dylib
0x00000000065ae000 	/usr/lib/system/libmacho.dylib
0x00000000065ae000 	/usr/lib/system/libquarantine.dylib
0x00000000065ae000 	/usr/lib/system/libremovefile.dylib
0x00000000065ae000 	/usr/lib/system/libsystem_asl.dylib
0x00000000065ae000 	/usr/lib/system/libsystem_blocks.dylib
0x00000000065ae000 	/usr/lib/system/libsystem_c.dylib
0x00000000065ae000 	/usr/lib/system/libsystem_configuration.dylib
0x00000000065ae000 	/usr/lib/system/libsystem_coreservices.dylib
0x00000000065ae000 	/usr/lib/system/libsystem_coretls.dylib
0x00000000065ae000 	/usr/lib/system/libsystem_dnssd.dylib
0x00000000065ae000 	/usr/lib/system/libsystem_info.dylib
0x00000000065ae000 	/usr/lib/system/libsystem_kernel.dylib
0x00000000065ae000 	/usr/lib/system/libsystem_m.dylib
0x00000000065ae000 	/usr/lib/system/libsystem_malloc.dylib
0x00000000065ae000 	/usr/lib/system/libsystem_network.dylib
0x00000000065ae000 	/usr/lib/system/libsystem_networkextension.dylib
0x00000000065ae000 	/usr/lib/system/libsystem_notify.dylib
0x00000000065ae000 	/usr/lib/system/libsystem_platform.dylib
0x00000000065ae000 	/usr/lib/system/libsystem_pthread.dylib
0x00000000065ae000 	/usr/lib/system/libsystem_sandbox.dylib
0x00000000065ae000 	/usr/lib/system/libsystem_secinit.dylib
0x00000000065ae000 	/usr/lib/system/libsystem_trace.dylib
0x00000000065ae000 	/usr/lib/system/libunc.dylib
0x00000000065ae000 	/usr/lib/system/libunwind.dylib
0x00000000065ae000 	/usr/lib/system/libxpc.dylib
0x00000000065ae000 	/usr/lib/libenergytrace.dylib
0x00000000065ae000 	/usr/lib/libbsm.0.dylib
0x00000000065ae000 	/usr/lib/system/libkxld.dylib
0x00000000065ae000 	/usr/lib/libxar.1.dylib
0x00000000065ae000 	/usr/lib/libsqlite3.dylib
0x00000000065ae000 	/usr/lib/libpam.2.dylib
0x00000000065ae000 	/usr/lib/libOpenScriptingUtil.dylib
0x00000000065ae000 	/usr/lib/libbz2.1.0.dylib
0x00000000065ae000 	/usr/lib/liblzma.5.dylib
0x00000000065ae000 	/System/Library/Frameworks/CoreServices.framework/Versions/A/Frameworks/FSEvents.framework/Versions/A/FSEvents
0x00000000065ae000 	/System/Library/Frameworks/CoreServices.framework/Versions/A/Frameworks/CarbonCore.framework/Versions/A/CarbonCore
0x00000000065ae000 	/System/Library/Frameworks/CoreServices.framework/Versions/A/Frameworks/Metadata.framework/Versions/A/Metadata
0x00000000065ae000 	/System/Library/Frameworks/CoreServices.framework/Versions/A/Frameworks/OSServices.framework/Versions/A/OSServices
0x00000000065ae000 	/System/Library/Frameworks/CoreServices.framework/Versions/A/Frameworks/SearchKit.framework/Versions/A/SearchKit
0x00000000065ae000 	/System/Library/Frameworks/CoreServices.framework/Versions/A/Frameworks/AE.framework/Versions/A/AE
0x00000000065ae000 	/System/Library/Frameworks/CoreServices.framework/Versions/A/Frameworks/LaunchServices.framework/Versions/A/LaunchServices
0x00000000065ae000 	/System/Library/Frameworks/CoreServices.framework/Versions/A/Frameworks/DictionaryServices.framework/Versions/A/DictionaryServices
0x00000000065ae000 	/System/Library/Frameworks/CoreServices.framework/Versions/A/Frameworks/SharedFileList.framework/Versions/A/SharedFileList
0x00000000065ae000 	/System/Library/Frameworks/NetFS.framework/Versions/A/NetFS
0x00000000065ae000 	/System/Library/PrivateFrameworks/NetAuth.framework/Versions/A/NetAuth
0x00000000065ae000 	/System/Library/PrivateFrameworks/login.framework/Versions/A/Frameworks/loginsupport.framework/Versions/A/loginsupport
0x00000000065ae000 	/System/Library/PrivateFrameworks/TCC.framework/Versions/A/TCC
0x00000000065ae000 	/usr/lib/libmecabra.dylib
0x00000000065ae000 	/System/Library/Frameworks/ApplicationServices.framework/Versions/A/Frameworks/ATS.framework/Versions/A/ATS
0x00000000065ae000 	/System/Library/Frameworks/ApplicationServices.framework/Versions/A/Frameworks/ColorSync.framework/Versions/A/ColorSync
0x00000000065ae000 	/System/Library/Frameworks/ApplicationServices.framework/Versions/A/Frameworks/HIServices.framework/Versions/A/HIServices
0x00000000065ae000 	/System/Library/Frameworks/ApplicationServices.framework/Versions/A/Frameworks/LangAnalysis.framework/Versions/A/LangAnalysis
0x00000000065ae000 	/System/Library/Frameworks/ApplicationServices.framework/Versions/A/Frameworks/PrintCore.framework/Versions/A/PrintCore
0x00000000065ae000 	/System/Library/Frameworks/ApplicationServices.framework/Versions/A/Frameworks/QD.framework/Versions/A/QD
0x00000000065ae000 	/System/Library/Frameworks/ApplicationServices.framework/Versions/A/Frameworks/SpeechSynthesis.framework/Versions/A/SpeechSynthesis
0x00000000065ae000 	/System/Library/Frameworks/Metal.framework/Versions/A/Metal
0x00000000065ae000 	/System/Library/Frameworks/Accelerate.framework/Versions/A/Frameworks/vImage.framework/Versions/A/vImage
0x00000000065ae000 	/System/Library/Frameworks/Accelerate.framework/Versions/A/Frameworks/vecLib.framework/Versions/A/vecLib
0x00000000065ae000 	/System/Library/Frameworks/Accelerate.framework/Versions/A/Frameworks/vecLib.framework/Versions/A/libvDSP.dylib
0x00000000065ae000 	/System/Library/Frameworks/Accelerate.framework/Versions/A/Frameworks/vecLib.framework/Versions/A/libvMisc.dylib
0x00000000065ae000 	/System/Library/Frameworks/Accelerate.framework/Versions/A/Frameworks/vecLib.framework/Versions/A/libLAPACK.dylib
0x00000000065ae000 	/System/Library/Frameworks/Accelerate.framework/Versions/A/Frameworks/vecLib.framework/Versions/A/libBLAS.dylib
0x00000000065ae000 	/System/Library/Frameworks/Accelerate.framework/Versions/A/Frameworks/vecLib.framework/Versions/A/libLinearAlgebra.dylib
0x00000000065ae000 	/System/Library/Frameworks/Accelerate.framework/Versions/A/Frameworks/vecLib.framework/Versions/A/libSparseBLAS.dylib
0x00000000065ae000 	/System/Library/PrivateFrameworks/GPUCompiler.framework/libmetal_timestamp.dylib
0x00000000065ae000 	/System/Library/Frameworks/OpenGL.framework/Versions/A/Libraries/libCoreFSCache.dylib
0x00000000065ae000 	/System/Library/PrivateFrameworks/IOAccelerator.framework/Versions/A/IOAccelerator
0x00000000065ae000 	/System/Library/Frameworks/ApplicationServices.framework/Versions/A/Frameworks/ATS.framework/Versions/A/Resources/libFontParser.dylib
0x00000000065ae000 	/System/Library/Frameworks/ApplicationServices.framework/Versions/A/Frameworks/ATS.framework/Versions/A/Resources/libFontRegistry.dylib
0x00000000065ae000 	/System/Library/PrivateFrameworks/AppleVPA.framework/Versions/A/AppleVPA
0x00000000065ae000 	/System/Library/PrivateFrameworks/AppleJPEG.framework/Versions/A/AppleJPEG
0x00000000065ae000 	/System/Library/Frameworks/ImageIO.framework/Versions/A/Resources/libJPEG.dylib
0x00000000065ae000 	/System/Library/Frameworks/ImageIO.framework/Versions/A/Resources/libTIFF.dylib
0x00000000065ae000 	/System/Library/Frameworks/ImageIO.framework/Versions/A/Resources/libPng.dylib
0x00000000065ae000 	/System/Library/Frameworks/ImageIO.framework/Versions/A/Resources/libGIF.dylib
0x00000000065ae000 	/System/Library/Frameworks/ImageIO.framework/Versions/A/Resources/libJP2.dylib
0x00000000065ae000 	/System/Library/Frameworks/ImageIO.framework/Versions/A/Resources/libRadiance.dylib
0x00000000065ae000 	/System/Library/Frameworks/CoreVideo.framework/Versions/A/CoreVideo
0x00000000065ae000 	/System/Library/Frameworks/OpenGL.framework/Versions/A/Libraries/libGLU.dylib
0x00000000065ae000 	/System/Library/Frameworks/OpenGL.framework/Versions/A/Libraries/libGFXShared.dylib
0x00000000065ae000 	/System/Library/Frameworks/OpenGL.framework/Versions/A/Libraries/libGL.dylib
0x00000000065ae000 	/System/Library/Frameworks/OpenGL.framework/Versions/A/Libraries/libGLImage.dylib
0x00000000065ae000 	/System/Library/Frameworks/OpenGL.framework/Versions/A/Libraries/libCVMSPluginSupport.dylib
0x00000000065ae000 	/System/Library/Frameworks/OpenGL.framework/Versions/A/Libraries/libCoreVMClient.dylib
0x00000000065ae000 	/usr/lib/libcompression.dylib
0x00000000065ae000 	/usr/lib/libcups.2.dylib
0x00000000065ae000 	/System/Library/Frameworks/Kerberos.framework/Versions/A/Kerberos
0x00000000065ae000 	/System/Library/Frameworks/GSS.framework/Versions/A/GSS
0x00000000065ae000 	/usr/lib/libresolv.9.dylib
0x00000000065ae000 	/usr/lib/libiconv.2.dylib
0x00000000065ae000 	/System/Library/PrivateFrameworks/Heimdal.framework/Versions/A/Heimdal
0x00000000065ae000 	/usr/lib/libheimdal-asn1.dylib
0x00000000065ae000 	/System/Library/Frameworks/OpenDirectory.framework/Versions/A/OpenDirectory
0x00000000065ae000 	/System/Library/PrivateFrameworks/CommonAuth.framework/Versions/A/CommonAuth
0x00000000065ae000 	/System/Library/Frameworks/OpenDirectory.framework/Versions/A/Frameworks/CFOpenDirectory.framework/Versions/A/CFOpenDirectory
0x00000000065ae000 	/System/Library/Frameworks/SecurityFoundation.framework/Versions/A/SecurityFoundation
0x00000000065ae000 	/System/Library/PrivateFrameworks/LanguageModeling.framework/Versions/A/LanguageModeling
0x00000000065ae000 	/usr/lib/libmarisa.dylib
0x00000000065ae000 	/usr/lib/libChineseTokenizer.dylib
0x00000000065ae000 	/usr/lib/libcmph.dylib
0x00000000065ae000 	/System/Library/Frameworks/ServiceManagement.framework/Versions/A/ServiceManagement
0x00000000065ae000 	/usr/lib/libxslt.1.dylib
0x00000000065ae000 	/System/Library/Frameworks/Carbon.framework/Versions/A/Frameworks/Ink.framework/Versions/A/Ink
0x00000000065ae000 	/usr/lib/libFosl_dynamic.dylib
0x00000000065ae000 	/System/Library/PrivateFrameworks/FaceCore.framework/Versions/A/FaceCore
0x00000000065ae000 	/System/Library/Frameworks/OpenCL.framework/Versions/A/OpenCL
0x00000000065ae000 	/System/Library/PrivateFrameworks/CrashReporterSupport.framework/Versions/A/CrashReporterSupport
0x00000000065ae000 	/System/Library/PrivateFrameworks/IconServices.framework/Versions/A/IconServices
0x00000000065ae000 	/System/Library/PrivateFrameworks/Apple80211.framework/Versions/A/Apple80211
0x00000000065ae000 	/System/Library/Frameworks/CoreWLAN.framework/Versions/A/CoreWLAN
0x00000000065ae000 	/System/Library/Frameworks/IOBluetooth.framework/Versions/A/IOBluetooth
0x00000000065ae000 	/System/Library/PrivateFrameworks/CoreWiFi.framework/Versions/A/CoreWiFi
0x00000000065ae000 	/System/Library/Frameworks/CoreBluetooth.framework/Versions/A/CoreBluetooth
0x00000000065ae000 	/System/Library/PrivateFrameworks/ChunkingLibrary.framework/Versions/A/ChunkingLibrary
0x00000000065ae000 	/System/Library/PrivateFrameworks/DebugSymbols.framework/Versions/A/DebugSymbols
0x00000000065ae000 	/System/Library/PrivateFrameworks/CoreSymbolication.framework/Versions/A/CoreSymbolication
0x00000000065ae000 	/System/Library/PrivateFrameworks/Symbolication.framework/Versions/A/Symbolication
0x00000000065ae000 	/System/Library/PrivateFrameworks/SpeechRecognitionCore.framework/Versions/A/SpeechRecognitionCore
0x0000000101800000 	/Library/Java/JavaVirtualMachines/jdk1.7.0_45.jdk/Contents/Home/jre/lib/server/libjvm.dylib
0x00000000065ae000 	/usr/lib/libstdc++.6.dylib
0x0000000102253000 	/Library/Java/JavaVirtualMachines/jdk1.7.0_45.jdk/Contents/Home/jre/lib/libverify.dylib
0x0000000102260000 	/Library/Java/JavaVirtualMachines/jdk1.7.0_45.jdk/Contents/Home/jre/lib/libjava.dylib
0x0000000102290000 	/Library/Java/JavaVirtualMachines/jdk1.7.0_45.jdk/Contents/Home/jre/lib/libzip.dylib
0x000000010c06f000 	/System/Library/Frameworks/JavaVM.framework/Frameworks/JavaRuntimeSupport.framework/JavaRuntimeSupport
0x000000010c08a000 	/System/Library/Frameworks/JavaVM.framework/Versions/A/Frameworks/JavaNativeFoundation.framework/Versions/A/JavaNativeFoundation
0x000000010c09f000 	/System/Library/Frameworks/JavaVM.framework/Versions/A/JavaVM
0x00000000065ae000 	/System/Library/Frameworks/Carbon.framework/Versions/A/Carbon
0x000000010c0ac000 	/System/Library/PrivateFrameworks/JavaLaunching.framework/Versions/A/JavaLaunching
0x00000000065ae000 	/System/Library/Frameworks/Carbon.framework/Versions/A/Frameworks/CommonPanels.framework/Versions/A/CommonPanels
0x00000000065ae000 	/System/Library/Frameworks/Carbon.framework/Versions/A/Frameworks/Help.framework/Versions/A/Help
0x00000000065ae000 	/System/Library/Frameworks/Carbon.framework/Versions/A/Frameworks/ImageCapture.framework/Versions/A/ImageCapture
0x00000000065ae000 	/System/Library/Frameworks/Carbon.framework/Versions/A/Frameworks/OpenScripting.framework/Versions/A/OpenScripting
0x00000000065ae000 	/System/Library/Frameworks/Carbon.framework/Versions/A/Frameworks/Print.framework/Versions/A/Print
0x00000000065ae000 	/System/Library/Frameworks/Carbon.framework/Versions/A/Frameworks/SecurityHI.framework/Versions/A/SecurityHI
0x000000010ddce000 	/Library/Java/JavaVirtualMachines/jdk1.7.0_45.jdk/Contents/Home/jre/lib/libawt.dylib
0x000000010de7d000 	/Library/Java/JavaVirtualMachines/jdk1.7.0_45.jdk/Contents/Home/jre/lib/./libmlib_image.dylib
0x000000010df49000 	/Library/Java/JavaVirtualMachines/jdk1.7.0_45.jdk/Contents/Home/jre/lib/lwawt/liblwawt.dylib
0x000000010dffd000 	/Library/Java/JavaVirtualMachines/jdk1.7.0_45.jdk/Contents/Home/jre/lib/libosxapp.dylib
0x00000000065ae000 	/System/Library/Frameworks/ExceptionHandling.framework/Versions/A/ExceptionHandling
0x00000000065ae000 	/System/Library/PrivateFrameworks/CoreServicesInternal.framework/Versions/A/CoreServicesInternal
0x00000000065ae000 	/System/Library/Frameworks/CoreGraphics.framework/Versions/A/Resources/libRIP.A.dylib
0x00000000065ae000 	/System/Library/Frameworks/Accelerate.framework/Versions/A/Frameworks/vImage.framework/Versions/A/Libraries/libCGInterfaces.dylib
0x00000000065ae000 	/System/Library/Frameworks/CoreGraphics.framework/Versions/A/Resources/libCGXType.A.dylib
0x00000000065ae000 	/System/Library/Frameworks/OpenCL.framework/Versions/A/Libraries/libcldcpuengine.dylib
0x00000000065ae000 	/System/Library/PrivateFrameworks/DiskImages.framework/Versions/A/DiskImages
0x00000000065ae000 	/System/Library/Frameworks/DiscRecording.framework/Versions/A/DiscRecording
0x00000000065ae000 	/usr/lib/libcsfde.dylib
0x00000000065ae000 	/usr/lib/libcurl.4.dylib
0x00000000065ae000 	/System/Library/PrivateFrameworks/MediaKit.framework/Versions/A/MediaKit
0x00000000065ae000 	/System/Library/PrivateFrameworks/ProtectedCloudStorage.framework/Versions/A/ProtectedCloudStorage
0x00000000065ae000 	/usr/lib/libCoreStorage.dylib
0x00000000065ae000 	/System/Library/PrivateFrameworks/EFILogin.framework/Versions/A/EFILogin
0x00000000065ae000 	/usr/lib/libutil.dylib
0x00000000065ae000 	/System/Library/PrivateFrameworks/FindMyDevice.framework/Versions/A/FindMyDevice
0x00000000065ae000 	/System/Library/Frameworks/LDAP.framework/Versions/A/LDAP
0x00000000065ae000 	/usr/lib/libsasl2.2.dylib
0x00000000065ae000 	/System/Library/PrivateFrameworks/CoreDaemon.framework/Versions/B/CoreDaemon
0x00000000065ae000 	/usr/lib/libcrypto.0.9.8.dylib
0x00000000065ae000 	/System/Library/PrivateFrameworks/AppleSRP.framework/Versions/A/AppleSRP
0x00000000065ae000 	/System/Library/PrivateFrameworks/TrustEvaluationAgent.framework/Versions/A/TrustEvaluationAgent
0x000000010f1a4000 	cl_kernels
0x00000000065ae000 	/System/Library/Frameworks/OpenCL.framework/Versions/A/Libraries/ImageFormats/unorm8_bgra.dylib
0x00000000065ae000 	/System/Library/Frameworks/OpenCL.framework/Versions/A/Libraries/ImageFormats/unorm8_rgba.dylib
0x00000000065ae000 	/System/Library/PrivateFrameworks/FamilyControls.framework/Versions/A/FamilyControls
0x00000000065ae000 	/System/Library/PrivateFrameworks/CommerceKit.framework/Versions/A/Frameworks/CommerceCore.framework/Versions/A/CommerceCore
0x00000000065ae000 	/System/Library/PrivateFrameworks/SystemAdministration.framework/Versions/A/SystemAdministration
0x00000000065ae000 	/System/Library/PrivateFrameworks/AppContainer.framework/Versions/A/AppContainer
0x00000000065ae000 	/System/Library/PrivateFrameworks/SecCodeWrapper.framework/Versions/A/SecCodeWrapper
0x00000000065ae000 	/System/Library/Frameworks/DirectoryService.framework/Versions/A/DirectoryService
0x00000000065ae000 	/System/Library/PrivateFrameworks/LoginUIKit.framework/Versions/A/Frameworks/LoginUICore.framework/Versions/A/LoginUICore
0x00000000065ae000 	/usr/lib/libodfde.dylib
0x00000000065ae000 	/System/Library/Frameworks/OpenGL.framework/Versions/A/Resources/GLEngine.bundle/GLEngine
0x00000000065ae000 	/System/Library/Frameworks/OpenGL.framework/Versions/A/Libraries/libGLProgrammability.dylib
0x0000000111006000 	/System/Library/Extensions/AppleIntelHD4000GraphicsGLDriver.bundle/Contents/MacOS/AppleIntelHD4000GraphicsGLDriver
0x00000000065ae000 	/System/Library/PrivateFrameworks/GPUSupport.framework/Versions/A/Libraries/libGPUSupportMercury.dylib
0x00000000065ae000 	/System/Library/Extensions/GeForceGLDriver.bundle/Contents/MacOS/GeForceGLDriver
0x00000000065ae000 	/System/Library/Extensions/GeForceGLDriver.bundle/Contents/MacOS/libclh.dylib
0x00000000065ae000 	/System/Library/Frameworks/OpenGL.framework/Versions/A/Resources/GLRendererFloat.bundle/GLRendererFloat
0x00000001123ba000 	/Library/Java/JavaVirtualMachines/jdk1.7.0_45.jdk/Contents/Home/jre/lib/libfontmanager.dylib
0x000000011241e000 	/Library/Java/JavaVirtualMachines/jdk1.7.0_45.jdk/Contents/Home/jre/lib/libosxui.dylib
0x0000000112e73000 	/Library/Java/JavaVirtualMachines/jdk1.7.0_45.jdk/Contents/Home/jre/lib/libnet.dylib
0x0000000112e88000 	/Library/Java/JavaVirtualMachines/jdk1.7.0_45.jdk/Contents/Home/jre/lib/libnio.dylib
0x0000000112e97000 	/private/var/folders/zg/yrfm830j691_y76s2g132sw40000gn/T/jogamp_0000/file_cache/jln7401216569416878325/jln88538286628066409/libgluegen-rt.jnilib
0x0000000112e9b000 	/private/var/folders/zg/yrfm830j691_y76s2g132sw40000gn/T/jogamp_0000/file_cache/jln7401216569416878325/jln88538286628066409/libnativewindow_awt.jnilib
0x0000000112e9e000 	/Library/Java/JavaVirtualMachines/jdk1.7.0_45.jdk/Contents/Home/jre/lib/libjawt.dylib
0x0000000112ea1000 	/private/var/folders/zg/yrfm830j691_y76s2g132sw40000gn/T/jogamp_0000/file_cache/jln7401216569416878325/jln88538286628066409/libnativewindow_macosx.jnilib
0x0000000112ed5000 	/private/var/folders/zg/yrfm830j691_y76s2g132sw40000gn/T/jogamp_0000/file_cache/jln7401216569416878325/jln88538286628066409/libjogl_desktop.jnilib
0x00000001183cb000 	/System/Library/Extensions/GeForceMTLDriver.bundle/Contents/MacOS/GeForceMTLDriver
0x00000001184fb000 	/System/Library/Extensions/AppleIntelHD4000GraphicsMTLDriver.bundle/Contents/MacOS/AppleIntelHD4000GraphicsMTLDriver
0x00000000065ae000 	/System/Library/Frameworks/ApplicationServices.framework/Versions/A/Frameworks/ATS.framework/Versions/A/Resources/libTrueTypeScaler.dylib

VM Arguments:
jvm_args: -Dfile.encoding=US-ASCII 
java_command: MAIN_test
Launcher Type: SUN_STANDARD

Environment Variables:
PATH=/usr/bin:/bin:/usr/sbin:/sbin
SHELL=/bin/bash
DISPLAY=/private/tmp/com.apple.launchd.OlSlLpM0j8/org.macosforge.xquartz:0

Signal Handlers:
SIGSEGV: [libjvm.dylib+0x525415], sa_mask[0]=0xfffefeff, sa_flags=0x00000043
SIGBUS: [libjvm.dylib+0x525415], sa_mask[0]=0xfffefeff, sa_flags=0x00000042
SIGFPE: [libjvm.dylib+0x41891a], sa_mask[0]=0xfffefeff, sa_flags=0x00000042
SIGPIPE: [libjvm.dylib+0x41891a], sa_mask[0]=0xfffefeff, sa_flags=0x00000042
SIGXFSZ: [libjvm.dylib+0x41891a], sa_mask[0]=0xfffefeff, sa_flags=0x00000042
SIGILL: [libjvm.dylib+0x41891a], sa_mask[0]=0xfffefeff, sa_flags=0x00000042
SIGUSR1: SIG_DFL, sa_mask[0]=0x00000000, sa_flags=0x00000000
SIGUSR2: [libjvm.dylib+0x41840c], sa_mask[0]=0x00000004, sa_flags=0x00000042
SIGHUP: [libjvm.dylib+0x41669b], sa_mask[0]=0xfffefeff, sa_flags=0x00000042
SIGINT: [libjvm.dylib+0x41669b], sa_mask[0]=0xfffefeff, sa_flags=0x00000042
SIGTERM: [libjvm.dylib+0x41669b], sa_mask[0]=0xfffefeff, sa_flags=0x00000042
SIGQUIT: [libjvm.dylib+0x41669b], sa_mask[0]=0xfffefeff, sa_flags=0x00000042


---------------  S Y S T E M  ---------------

OS:Bsduname:Darwin 15.6.0 Darwin Kernel Version 15.6.0: Tue Apr 11 16:00:51 PDT 2017; root:xnu-3248.60.11.5.3~1/RELEASE_X86_64 x86_64
rlimit: STACK 8192k, CORE 0k, NPROC 709, NOFILE 10240, AS infinity
load average:4.14 3.33 3.00

CPU:total 8 (4 cores per cpu, 2 threads per core) family 6 model 58 stepping 9, cmov, cx8, fxsr, mmx, sse, sse2, sse3, ssse3, sse4.1, sse4.2, popcnt, avx, aes, erms, ht, tsc, tscinvbit, tscinv

Memory: 4k page, physical 8388608k(2097152k free)

/proc/meminfo:


vm_info: Java HotSpot(TM) 64-Bit Server VM (24.45-b08) for bsd-amd64 JRE (1.7.0_45-b18), built on Oct  8 2013 05:54:16 by "java_re" with gcc 4.2.1 (Based on Apple Inc. build 5658) (LLVM build 2336.11.00)

time: Wed Sep 20 11:21:57 2017
elapsed time: 41 seconds

